# JRE version: Java(TM) SE Runtime Environment (8.0_381) (build 1.8.0_381-b09)
# Java VM: Java HotSpot(TM) 64-Bit Server VM (25.381-b09 mixed mode windows-amd64 compressed oops)
Heap:
 PSYoungGen      total 235520K, used 46904K [0x000000076c180000, 0x000000077b880000, 0x00000007c0000000)
  eden space 224256K, 20% used [0x000000076c180000,0x000000076ef4e200,0x0000000779c80000)
  from space 11264K, 0% used [0x000000077ad80000,0x000000077ad80000,0x000000077b880000)
  to   space 14336K, 0% used [0x0000000779c80000,0x0000000779c80000,0x000000077aa80000)
 ParOldGen       total 101888K, used 13771K [0x00000006c4400000, 0x00000006ca780000, 0x000000076c180000)
  object space 101888K, 13% used [0x00000006c4400000,0x00000006c5172d40,0x00000006ca780000)
 Metaspace       used 35639K, capacity 37932K, committed 38016K, reserved 1081344K
  class space    used 4758K, capacity 5170K, committed 5248K, reserved 1048576K
GC Heap History (10 events):
Event: 1.271 GC heap before
{Heap before GC invocations=4 (full 1):
 PSYoungGen      total 75264K, used 5594K [0x000000076c180000, 0x0000000775480000, 0x00000007c0000000)
  eden space 64512K, 0% used [0x000000076c180000,0x000000076c180000,0x0000000770080000)
  from space 10752K, 52% used [0x0000000770080000,0x00000007705f6948,0x0000000770b00000)
  to   space 10752K, 0% used [0x0000000774a00000,0x0000000774a00000,0x0000000775480000)
 ParOldGen       total 172032K, used 40K [0x00000006c4400000, 0x00000006cec00000, 0x000000076c180000)
  object space 172032K, 0% used [0x00000006c4400000,0x00000006c440a000,0x00000006cec00000)
 Metaspace       used 19610K, capacity 21202K, committed 21296K, reserved 1067008K
  class space    used 2586K, capacity 2875K, committed 2944K, reserved 1048576K
Event: 1.290 GC heap after
Heap after GC invocations=4 (full 1):
 PSYoungGen      total 75264K, used 0K [0x000000076c180000, 0x0000000775480000, 0x00000007c0000000)
  eden space 64512K, 0% used [0x000000076c180000,0x000000076c180000,0x0000000770080000)
  from space 10752K, 0% used [0x0000000770080000,0x0000000770080000,0x0000000770b00000)
  to   space 10752K, 0% used [0x0000000774a00000,0x0000000774a00000,0x0000000775480000)
 ParOldGen       total 76288K, used 5319K [0x00000006c4400000, 0x00000006c8e80000, 0x000000076c180000)
  object space 76288K, 6% used [0x00000006c4400000,0x00000006c4931ce8,0x00000006c8e80000)
 Metaspace       used 19610K, capacity 21202K, committed 21296K, reserved 1067008K
  class space    used 2586K, capacity 2875K, committed 2944K, reserved 1048576K
}
Event: 1.453 GC heap before
{Heap before GC invocations=5 (full 1):
 PSYoungGen      total 75264K, used 64512K [0x000000076c180000, 0x0000000775480000, 0x00000007c0000000)
  eden space 64512K, 100% used [0x000000076c180000,0x0000000770080000,0x0000000770080000)
  from space 10752K, 0% used [0x0000000770080000,0x0000000770080000,0x0000000770b00000)
  to   space 10752K, 0% used [0x0000000774a00000,0x0000000774a00000,0x0000000775480000)
 ParOldGen       total 76288K, used 5319K [0x00000006c4400000, 0x00000006c8e80000, 0x000000076c180000)
  object space 76288K, 6% used [0x00000006c4400000,0x00000006c4931dc8,0x00000006c8e80000)
 Metaspace       used 22328K, capacity 24084K, committed 24192K, reserved 1071104K
  class space    used 3076K, capacity 3422K, committed 3456K, reserved 1048576K
Event: 1.455 GC heap after
Heap after GC invocations=5 (full 1):
 PSYoungGen      total 125952K, used 3892K [0x000000076c180000, 0x0000000774e00000, 0x00000007c0000000)
  eden space 121856K, 0% used [0x000000076c180000,0x000000076c180000,0x0000000773880000)
  from space 4096K, 95% used [0x0000000774a00000,0x0000000774dcd328,0x0000000774e00000)
  to   space 10752K, 0% used [0x0000000773900000,0x0000000773900000,0x0000000774380000)
 ParOldGen       total 76288K, used 5327K [0x00000006c4400000, 0x00000006c8e80000, 0x000000076c180000)
  object space 76288K, 6% used [0x00000006c4400000,0x00000006c4933dc8,0x00000006c8e80000)
 Metaspace       used 22328K, capacity 24084K, committed 24192K, reserved 1071104K
  class space    used 3076K, capacity 3422K, committed 3456K, reserved 1048576K
}
Event: 1.905 GC heap before
{Heap before GC invocations=6 (full 1):
 PSYoungGen      total 125952K, used 125748K [0x000000076c180000, 0x0000000774e00000, 0x00000007c0000000)
  eden space 121856K, 100% used [0x000000076c180000,0x0000000773880000,0x0000000773880000)
  from space 4096K, 95% used [0x0000000774a00000,0x0000000774dcd328,0x0000000774e00000)
  to   space 10752K, 0% used [0x0000000773900000,0x0000000773900000,0x0000000774380000)
 ParOldGen       total 76288K, used 5340K [0x00000006c4400000, 0x00000006c8e80000, 0x000000076c180000)
  object space 76288K, 7% used [0x00000006c4400000,0x00000006c4937330,0x00000006c8e80000)
 Metaspace       used 29884K, capacity 31916K, committed 32128K, reserved 1077248K
  class space    used 4018K, capacity 4418K, committed 4480K, reserved 1048576K
Event: 1.912 GC heap after
Heap after GC invocations=6 (full 1):
 PSYoungGen      total 133120K, used 10722K [0x000000076c180000, 0x000000077bc00000, 0x00000007c0000000)
  eden space 122368K, 0% used [0x000000076c180000,0x000000076c180000,0x0000000773900000)
  from space 10752K, 99% used [0x0000000773900000,0x00000007743789d0,0x0000000774380000)
  to   space 14848K, 0% used [0x000000077ad80000,0x000000077ad80000,0x000000077bc00000)
 ParOldGen       total 76288K, used 7211K [0x00000006c4400000, 0x00000006c8e80000, 0x000000076c180000)
  object space 76288K, 9% used [0x00000006c4400000,0x00000006c4b0ae00,0x00000006c8e80000)
 Metaspace       used 29884K, capacity 31916K, committed 32128K, reserved 1077248K
  class space    used 4018K, capacity 4418K, committed 4480K, reserved 1048576K
}
Event: 2.222 GC heap before
{Heap before GC invocations=7 (full 1):
 PSYoungGen      total 133120K, used 67312K [0x000000076c180000, 0x000000077bc00000, 0x00000007c0000000)
  eden space 122368K, 46% used [0x000000076c180000,0x000000076f8c3840,0x0000000773900000)
  from space 10752K, 99% used [0x0000000773900000,0x00000007743789d0,0x0000000774380000)
  to   space 14848K, 0% used [0x000000077ad80000,0x000000077ad80000,0x000000077bc00000)
 ParOldGen       total 76288K, used 7211K [0x00000006c4400000, 0x00000006c8e80000, 0x000000076c180000)
  object space 76288K, 9% used [0x00000006c4400000,0x00000006c4b0ae00,0x00000006c8e80000)
 Metaspace       used 33117K, capacity 35318K, committed 35456K, reserved 1079296K
  class space    used 4454K, capacity 4867K, committed 4992K, reserved 1048576K
Event: 2.229 GC heap after
Heap after GC invocations=7 (full 1):
 PSYoungGen      total 235520K, used 8969K [0x000000076c180000, 0x000000077b880000, 0x00000007c0000000)
  eden space 224256K, 0% used [0x000000076c180000,0x000000076c180000,0x0000000779c80000)
  from space 11264K, 79% used [0x000000077ad80000,0x000000077b6425c8,0x000000077b880000)
  to   space 14336K, 0% used [0x0000000779c80000,0x0000000779c80000,0x000000077aa80000)
 ParOldGen       total 76288K, used 7219K [0x00000006c4400000, 0x00000006c8e80000, 0x000000076c180000)
  object space 76288K, 9% used [0x00000006c4400000,0x00000006c4b0ce00,0x00000006c8e80000)
 Metaspace       used 33117K, capacity 35318K, committed 35456K, reserved 1079296K
  class space    used 4454K, capacity 4867K, committed 4992K, reserved 1048576K
}
Event: 2.229 GC heap before
{Heap before GC invocations=8 (full 2):
 PSYoungGen      total 235520K, used 8969K [0x000000076c180000, 0x000000077b880000, 0x00000007c0000000)
  eden space 224256K, 0% used [0x000000076c180000,0x000000076c180000,0x0000000779c80000)
  from space 11264K, 79% used [0x000000077ad80000,0x000000077b6425c8,0x000000077b880000)
  to   space 14336K, 0% used [0x0000000779c80000,0x0000000779c80000,0x000000077aa80000)
 ParOldGen       total 76288K, used 7219K [0x00000006c4400000, 0x00000006c8e80000, 0x000000076c180000)
  object space 76288K, 9% used [0x00000006c4400000,0x00000006c4b0ce00,0x00000006c8e80000)
 Metaspace       used 33117K, capacity 35318K, committed 35456K, reserved 1079296K
  class space    used 4454K, capacity 4867K, committed 4992K, reserved 1048576K
Event: 2.253 GC heap after
Heap after GC invocations=8 (full 2):
 PSYoungGen      total 235520K, used 0K [0x000000076c180000, 0x000000077b880000, 0x00000007c0000000)
  eden space 224256K, 0% used [0x000000076c180000,0x000000076c180000,0x0000000779c80000)
  from space 11264K, 0% used [0x000000077ad80000,0x000000077ad80000,0x000000077b880000)
  to   space 14336K, 0% used [0x0000000779c80000,0x0000000779c80000,0x000000077aa80000)
 ParOldGen       total 101888K, used 13771K [0x00000006c4400000, 0x00000006ca780000, 0x000000076c180000)
  object space 101888K, 13% used [0x00000006c4400000,0x00000006c5172d40,0x00000006ca780000)
 Metaspace       used 33117K, capacity 35318K, committed 35456K, reserved 1079296K
  class space    used 4454K, capacity 4867K, committed 4992K, reserved 1048576K
}

